<?xml version="1.0" encoding="UTF-8"?>
<testsuite name="Test_1" tests="4" skipped="0" failures="0" errors="0" timestamp="2021-05-31T13:49:14" hostname="baemyeonghwan-ui-MacBook-Pro.local" time="0.019">
  <properties/>
  <testcase name="testDollarMultiplication" classname="Test_1" time="0.014"/>
  <testcase name="textCurrency" classname="Test_1" time="0.0"/>
  <testcase name="testFrancMultiplication" classname="Test_1" time="0.0"/>
  <testcase name="testEquality" classname="Test_1" time="0.003"/>
  <system-out><![CDATA[]]></system-out>
  <system-err><![CDATA[]]></system-err>
</testsuite>
